D:\git_project\mfc_detect_object\Debug\face_detect_object.exe
D:\git_project\mfc_detect_object\mfc_detect_object\Debug\cl.command.1.tlog
D:\git_project\mfc_detect_object\mfc_detect_object\Debug\CL.read.1.tlog
D:\git_project\mfc_detect_object\mfc_detect_object\Debug\CL.write.1.tlog
D:\git_project\mfc_detect_object\mfc_detect_object\Debug\face_detect_object.exe.embed.manifest
D:\git_project\mfc_detect_object\mfc_detect_object\Debug\face_detect_object.exe.embed.manifest.res
D:\git_project\mfc_detect_object\mfc_detect_object\Debug\face_detect_object.exe.intermediate.manifest
D:\git_project\mfc_detect_object\mfc_detect_object\Debug\face_detect_object.pch
D:\git_project\mfc_detect_object\mfc_detect_object\Debug\face_detect_object.write.1.tlog
D:\git_project\mfc_detect_object\mfc_detect_object\Debug\face_detect_object_manifest.rc
D:\git_project\mfc_detect_object\mfc_detect_object\Debug\link.10356.read.1.tlog
D:\git_project\mfc_detect_object\mfc_detect_object\Debug\link.10356.write.1.tlog
D:\git_project\mfc_detect_object\mfc_detect_object\Debug\link.10356-cvtres.read.1.tlog
D:\git_project\mfc_detect_object\mfc_detect_object\Debug\link.10356-cvtres.write.1.tlog
D:\git_project\mfc_detect_object\mfc_detect_object\Debug\link.command.1.tlog
D:\git_project\mfc_detect_object\mfc_detect_object\Debug\link.read.1.tlog
D:\git_project\mfc_detect_object\mfc_detect_object\Debug\link.write.1.tlog
D:\git_project\mfc_detect_object\mfc_detect_object\Debug\link-cvtres.read.1.tlog
D:\git_project\mfc_detect_object\mfc_detect_object\Debug\link-cvtres.write.1.tlog
D:\git_project\mfc_detect_object\mfc_detect_object\Debug\mfc_detect_object.obj
D:\git_project\mfc_detect_object\mfc_detect_object\Debug\mfc_detect_object.res
D:\git_project\mfc_detect_object\mfc_detect_object\Debug\mfc_detect_objectDlg.obj
D:\git_project\mfc_detect_object\mfc_detect_object\Debug\mt.command.1.tlog
D:\git_project\mfc_detect_object\mfc_detect_object\Debug\mt.read.1.tlog
D:\git_project\mfc_detect_object\mfc_detect_object\Debug\mt.write.1.tlog
D:\git_project\mfc_detect_object\mfc_detect_object\Debug\rc.command.1.tlog
D:\git_project\mfc_detect_object\mfc_detect_object\Debug\rc.read.1.tlog
D:\git_project\mfc_detect_object\mfc_detect_object\Debug\rc.write.1.tlog
D:\git_project\mfc_detect_object\mfc_detect_object\Debug\stdafx.obj
D:\git_project\mfc_detect_object\mfc_detect_object\Debug\TestProgress.obj
D:\git_project\mfc_detect_object\mfc_detect_object\Debug\TextProgress.obj
D:\git_project\mfc_detect_object\mfc_detect_object\Debug\vc100.idb
D:\git_project\mfc_detect_object\mfc_detect_object\Debug\vc100.pdb
D:\RESOURCE\人脸识别\MFC_DETECT_OBJECT\DEBUG\FACE_DETECT_OBJECT.EXE
D:\RESOURCE\人脸识别\MFC_DETECT_OBJECT\DEBUG\FACE_DETECT_OBJECT.ILK
D:\RESOURCE\人脸识别\MFC_DETECT_OBJECT\DEBUG\FACE_DETECT_OBJECT.PDB
D:\RESOURCE\人脸识别\MFC_DETECT_OBJECT\MFC_DETECT_OBJECT\DEBUG\FACE_DETECT_OBJECT.EXE.EMBED.MANIFEST
D:\RESOURCE\人脸识别\MFC_DETECT_OBJECT\MFC_DETECT_OBJECT\DEBUG\FACE_DETECT_OBJECT.EXE.EMBED.MANIFEST.RES
D:\RESOURCE\人脸识别\MFC_DETECT_OBJECT\MFC_DETECT_OBJECT\DEBUG\FACE_DETECT_OBJECT.EXE.INTERMEDIATE.MANIFEST
D:\RESOURCE\人脸识别\MFC_DETECT_OBJECT\MFC_DETECT_OBJECT\DEBUG\FACE_DETECT_OBJECT.PCH
D:\RESOURCE\人脸识别\MFC_DETECT_OBJECT\MFC_DETECT_OBJECT\DEBUG\MFC_DETECT_OBJECT.OBJ
D:\RESOURCE\人脸识别\MFC_DETECT_OBJECT\MFC_DETECT_OBJECT\DEBUG\MFC_DETECT_OBJECT.RES
D:\RESOURCE\人脸识别\MFC_DETECT_OBJECT\MFC_DETECT_OBJECT\DEBUG\MFC_DETECT_OBJECTDLG.OBJ
D:\RESOURCE\人脸识别\MFC_DETECT_OBJECT\MFC_DETECT_OBJECT\DEBUG\STDAFX.OBJ
D:\RESOURCE\人脸识别\MFC_DETECT_OBJECT\MFC_DETECT_OBJECT\DEBUG\TESTPROGRESS.OBJ
D:\RESOURCE\人脸识别\MFC_DETECT_OBJECT\MFC_DETECT_OBJECT\DEBUG\TEXTPROGRESS.OBJ
D:\RESOURCE\人脸识别\MFC_DETECT_OBJECT\MFC_DETECT_OBJECT\DEBUG\VC100.PDB
