D:\RESOURCE\人脸识别\MFC_DETECT_OBJECT\DEBUG\MFC_DETECT_OBJECT.EXE
D:\RESOURCE\人脸识别\MFC_DETECT_OBJECT\DEBUG\MFC_DETECT_OBJECT.ILK
D:\RESOURCE\人脸识别\MFC_DETECT_OBJECT\DEBUG\MFC_DETECT_OBJECT.PDB
D:\Resource\人脸识别\mfc_detect_object\mfc_detect_object\Debug\cl.command.1.tlog
D:\Resource\人脸识别\mfc_detect_object\mfc_detect_object\Debug\CL.read.1.tlog
D:\Resource\人脸识别\mfc_detect_object\mfc_detect_object\Debug\CL.write.1.tlog
D:\Resource\人脸识别\mfc_detect_object\mfc_detect_object\Debug\link.3712.read.1.tlog
D:\Resource\人脸识别\mfc_detect_object\mfc_detect_object\Debug\link.3712.write.1.tlog
D:\Resource\人脸识别\mfc_detect_object\mfc_detect_object\Debug\link.3712-cvtres.read.1.tlog
D:\Resource\人脸识别\mfc_detect_object\mfc_detect_object\Debug\link.3712-cvtres.write.1.tlog
D:\Resource\人脸识别\mfc_detect_object\mfc_detect_object\Debug\link.5376.read.1.tlog
D:\Resource\人脸识别\mfc_detect_object\mfc_detect_object\Debug\link.5376.write.1.tlog
D:\Resource\人脸识别\mfc_detect_object\mfc_detect_object\Debug\link.5376-cvtres.read.1.tlog
D:\Resource\人脸识别\mfc_detect_object\mfc_detect_object\Debug\link.5376-cvtres.write.1.tlog
D:\Resource\人脸识别\mfc_detect_object\mfc_detect_object\Debug\link.8212.read.1.tlog
D:\Resource\人脸识别\mfc_detect_object\mfc_detect_object\Debug\link.8212.write.1.tlog
D:\Resource\人脸识别\mfc_detect_object\mfc_detect_object\Debug\link.8212-cvtres.read.1.tlog
D:\Resource\人脸识别\mfc_detect_object\mfc_detect_object\Debug\link.8212-cvtres.write.1.tlog
D:\Resource\人脸识别\mfc_detect_object\mfc_detect_object\Debug\link.command.1.tlog
D:\Resource\人脸识别\mfc_detect_object\mfc_detect_object\Debug\link.read.1.tlog
D:\Resource\人脸识别\mfc_detect_object\mfc_detect_object\Debug\link.write.1.tlog
D:\Resource\人脸识别\mfc_detect_object\mfc_detect_object\Debug\link-cvtres.read.1.tlog
D:\Resource\人脸识别\mfc_detect_object\mfc_detect_object\Debug\link-cvtres.write.1.tlog
D:\Resource\人脸识别\mfc_detect_object\mfc_detect_object\Debug\mfc_detect_object.exe.embed.manifest
D:\RESOURCE\人脸识别\MFC_DETECT_OBJECT\MFC_DETECT_OBJECT\DEBUG\MFC_DETECT_OBJECT.EXE.EMBED.MANIFEST.RES
D:\RESOURCE\人脸识别\MFC_DETECT_OBJECT\MFC_DETECT_OBJECT\DEBUG\MFC_DETECT_OBJECT.EXE.INTERMEDIATE.MANIFEST
D:\RESOURCE\人脸识别\MFC_DETECT_OBJECT\MFC_DETECT_OBJECT\DEBUG\MFC_DETECT_OBJECT.OBJ
D:\RESOURCE\人脸识别\MFC_DETECT_OBJECT\MFC_DETECT_OBJECT\DEBUG\MFC_DETECT_OBJECT.PCH
D:\RESOURCE\人脸识别\MFC_DETECT_OBJECT\MFC_DETECT_OBJECT\DEBUG\MFC_DETECT_OBJECT.RES
D:\Resource\人脸识别\mfc_detect_object\mfc_detect_object\Debug\mfc_detect_object.vcxprojResolveAssemblyReference.cache
D:\Resource\人脸识别\mfc_detect_object\mfc_detect_object\Debug\mfc_detect_object.write.1.tlog
D:\Resource\人脸识别\mfc_detect_object\mfc_detect_object\Debug\mfc_detect_object_manifest.rc
D:\RESOURCE\人脸识别\MFC_DETECT_OBJECT\MFC_DETECT_OBJECT\DEBUG\MFC_DETECT_OBJECTDLG.OBJ
D:\Resource\人脸识别\mfc_detect_object\mfc_detect_object\Debug\mt.command.1.tlog
D:\Resource\人脸识别\mfc_detect_object\mfc_detect_object\Debug\mt.read.1.tlog
D:\Resource\人脸识别\mfc_detect_object\mfc_detect_object\Debug\mt.write.1.tlog
D:\Resource\人脸识别\mfc_detect_object\mfc_detect_object\Debug\rc.command.1.tlog
D:\Resource\人脸识别\mfc_detect_object\mfc_detect_object\Debug\rc.read.1.tlog
D:\Resource\人脸识别\mfc_detect_object\mfc_detect_object\Debug\rc.write.1.tlog
D:\RESOURCE\人脸识别\MFC_DETECT_OBJECT\MFC_DETECT_OBJECT\DEBUG\STDAFX.OBJ
D:\RESOURCE\人脸识别\MFC_DETECT_OBJECT\MFC_DETECT_OBJECT\DEBUG\TEXTPROGRESS.OBJ
D:\Resource\人脸识别\mfc_detect_object\mfc_detect_object\Debug\vc100.idb
D:\RESOURCE\人脸识别\MFC_DETECT_OBJECT\MFC_DETECT_OBJECT\DEBUG\VC100.PDB
D:\学习等资料\人脸识别\MFC_DETECT_OBJECT\DEBUG\MFC_DETECT_OBJECT.EXE
D:\学习等资料\人脸识别\MFC_DETECT_OBJECT\DEBUG\MFC_DETECT_OBJECT.ILK
D:\学习等资料\人脸识别\MFC_DETECT_OBJECT\DEBUG\MFC_DETECT_OBJECT.PDB
D:\学习等资料\人脸识别\MFC_DETECT_OBJECT\MFC_DETECT_OBJECT\DEBUG\MFC_DETECT_OBJECT.EXE.EMBED.MANIFEST
D:\学习等资料\人脸识别\MFC_DETECT_OBJECT\MFC_DETECT_OBJECT\DEBUG\MFC_DETECT_OBJECT.EXE.EMBED.MANIFEST.RES
D:\学习等资料\人脸识别\MFC_DETECT_OBJECT\MFC_DETECT_OBJECT\DEBUG\MFC_DETECT_OBJECT.EXE.INTERMEDIATE.MANIFEST
D:\学习等资料\人脸识别\MFC_DETECT_OBJECT\MFC_DETECT_OBJECT\DEBUG\MFC_DETECT_OBJECT.OBJ
D:\学习等资料\人脸识别\MFC_DETECT_OBJECT\MFC_DETECT_OBJECT\DEBUG\MFC_DETECT_OBJECT.PCH
D:\学习等资料\人脸识别\MFC_DETECT_OBJECT\MFC_DETECT_OBJECT\DEBUG\MFC_DETECT_OBJECT.RES
D:\学习等资料\人脸识别\MFC_DETECT_OBJECT\MFC_DETECT_OBJECT\DEBUG\MFC_DETECT_OBJECTDLG.OBJ
D:\学习等资料\人脸识别\MFC_DETECT_OBJECT\MFC_DETECT_OBJECT\DEBUG\STDAFX.OBJ
D:\学习等资料\人脸识别\MFC_DETECT_OBJECT\MFC_DETECT_OBJECT\DEBUG\TEXTPROGRESS.OBJ
D:\学习等资料\人脸识别\MFC_DETECT_OBJECT\MFC_DETECT_OBJECT\DEBUG\VC100.PDB
