生成启动时间为 2015-12-25 17:32:45。
     1>项目“D:\git_project\mfc_detect_object\mfc_detect_object\mfc_detect_object.vcxproj”在节点 2 上(build 个目标)。
     1>InitializeBuildStatus:
         正在创建“Debug\face_detect_object.unsuccessfulbuild”，因为已指定“AlwaysCreate”。
       ClCompile:
         d:\Program Files (x86)\Microsof Visual Stutio 2010\VC\bin\CL.exe /c /ZI /nologo /W3 /WX- /Od /Oy- /D WIN32 /D _WINDOWS /D _DEBUG /D _MBCS /Gm /EHsc /RTC1 /MTd /GS /fp:precise /Zc:wchar_t /Zc:forScope /Yc"StdAfx.h" /Fp"Debug\face_detect_object.pch" /Fo"Debug\\" /Fd"Debug\vc100.pdb" /Gd /TP /analyze- /errorReport:prompt stdafx.cpp
         stdafx.cpp
         d:\Program Files (x86)\Microsof Visual Stutio 2010\VC\bin\CL.exe /c /ZI /nologo /W3 /WX- /Od /Oy- /D WIN32 /D _WINDOWS /D _DEBUG /D _MBCS /Gm /EHsc /RTC1 /MTd /GS /fp:precise /Zc:wchar_t /Zc:forScope /Yu"StdAfx.h" /Fp"Debug\face_detect_object.pch" /Fo"Debug\\" /Fd"Debug\vc100.pdb" /Gd /TP /analyze- /errorReport:prompt mfc_detect_object.cpp mfc_detect_objectDlg.cpp TestProgress.cpp
         TestProgress.cpp
     1>d:\git_project\mfc_detect_object\mfc_detect_object\testprogress.cpp(47): warning C4244: “初始化”: 从“double”转换到“int”，可能丢失数据
         mfc_detect_objectDlg.cpp
         mfc_detect_object.cpp
         正在生成代码...
       ResourceCompile:
         C:\Program Files (x86)\Microsoft SDKs\Windows\v7.0A\bin\rc.exe /D _DEBUG /l"0x0804" /IDebug\ /nologo /fo"Debug\mfc_detect_object.res" mfc_detect_object.rc 
       ManifestResourceCompile:
         C:\Program Files (x86)\Microsoft SDKs\Windows\v7.0A\bin\rc.exe /nologo /fo"Debug\face_detect_object.exe.embed.manifest.res" Debug\face_detect_object_manifest.rc 
       Link:
         d:\Program Files (x86)\Microsof Visual Stutio 2010\VC\bin\link.exe /ERRORREPORT:PROMPT /OUT:"D:\git_project\mfc_detect_object\Debug\face_detect_object.exe" /INCREMENTAL /NOLOGO kernel32.lib user32.lib gdi32.lib winspool.lib comdlg32.lib advapi32.lib shell32.lib ole32.lib oleaut32.lib uuid.lib odbc32.lib odbccp32.lib opencv_ts300d.lib opencv_world300d.lib kernel32.lib user32.lib gdi32.lib winspool.lib comdlg32.lib advapi32.lib shell32.lib ole32.lib oleaut32.lib uuid.lib odbc32.lib odbccp32.lib /MANIFEST /ManifestFile:"Debug\face_detect_object.exe.intermediate.manifest" /MANIFESTUAC:"level='asInvoker' uiAccess='false'" /DEBUG /PDB:"D:\git_project\mfc_detect_object\Debug\face_detect_object.pdb" /SUBSYSTEM:WINDOWS /TLBID:1 /DYNAMICBASE /NXCOMPAT /IMPLIB:"D:\git_project\mfc_detect_object\Debug\face_detect_object.lib" /MACHINE:X86 Debug\mfc_detect_object.res
         Debug\face_detect_object.exe.embed.manifest.res
         Debug\mfc_detect_object.obj
         Debug\mfc_detect_objectDlg.obj
         Debug\stdafx.obj
         Debug\TestProgress.obj
       Manifest:
         C:\Program Files (x86)\Microsoft SDKs\Windows\v7.0A\bin\mt.exe /nologo /verbose /out:"Debug\face_detect_object.exe.embed.manifest" /manifest Debug\face_detect_object.exe.intermediate.manifest "d:\Program Files (x86)\Microsof Visual Stutio 2010\VC\Include\Manifest\dpiaware.manifest"
         C:\Program Files (x86)\Microsoft SDKs\Windows\v7.0A\bin\rc.exe /nologo /fo"Debug\face_detect_object.exe.embed.manifest.res" Debug\face_detect_object_manifest.rc 
       LinkEmbedManifest:
         d:\Program Files (x86)\Microsof Visual Stutio 2010\VC\bin\link.exe /ERRORREPORT:PROMPT /OUT:"D:\git_project\mfc_detect_object\Debug\face_detect_object.exe" /INCREMENTAL /NOLOGO kernel32.lib user32.lib gdi32.lib winspool.lib comdlg32.lib advapi32.lib shell32.lib ole32.lib oleaut32.lib uuid.lib odbc32.lib odbccp32.lib opencv_ts300d.lib opencv_world300d.lib kernel32.lib user32.lib gdi32.lib winspool.lib comdlg32.lib advapi32.lib shell32.lib ole32.lib oleaut32.lib uuid.lib odbc32.lib odbccp32.lib /MANIFEST /ManifestFile:"Debug\face_detect_object.exe.intermediate.manifest" /MANIFESTUAC:"level='asInvoker' uiAccess='false'" /DEBUG /PDB:"D:\git_project\mfc_detect_object\Debug\face_detect_object.pdb" /SUBSYSTEM:WINDOWS /TLBID:1 /DYNAMICBASE /NXCOMPAT /IMPLIB:"D:\git_project\mfc_detect_object\Debug\face_detect_object.lib" /MACHINE:X86 Debug\mfc_detect_object.res
         Debug\face_detect_object.exe.embed.manifest.res
         Debug\mfc_detect_object.obj
         Debug\mfc_detect_objectDlg.obj
         Debug\stdafx.obj
         Debug\TestProgress.obj
         mfc_detect_object.vcxproj -> D:\git_project\mfc_detect_object\Debug\face_detect_object.exe
       FinalizeBuildStatus:
         正在删除文件“Debug\face_detect_object.unsuccessfulbuild”。
         正在对“Debug\face_detect_object.lastbuildstate”执行 Touch 任务。
     1>已完成生成项目“D:\git_project\mfc_detect_object\mfc_detect_object\mfc_detect_object.vcxproj”(build 个目标)的操作。

生成成功。

已用时间 00:00:17.46
